Determining if the pthread_create exist failed with the following output:
Change Dir: /root/robotdata_ws/build/CMakeFiles/CMakeTmp

Run Build Command:"/usr/bin/make" "cmTC_8690a/fast"
/usr/bin/make -f CMakeFiles/cmTC_8690a.dir/build.make CMakeFiles/cmTC_8690a.dir/build
make[1]: Entering directory '/root/robotdata_ws/build/CMakeFiles/CMakeTmp'
Building C object CMakeFiles/cmTC_8690a.dir/CheckSymbolExists.c.o
/usr/bin/cc    -o CMakeFiles/cmTC_8690a.dir/CheckSymbolExists.c.o   -c /root/robotdata_ws/build/CMakeFiles/CMakeTmp/CheckSymbolExists.c
Linking C executable cmTC_8690a
/usr/bin/cmake -E cmake_link_script CMakeFiles/cmTC_8690a.dir/link.txt --verbose=1
/usr/bin/cc      -rdynamic CMakeFiles/cmTC_8690a.dir/CheckSymbolExists.c.o  -o cmTC_8690a 
CMakeFiles/cmTC_8690a.dir/CheckSymbolExists.c.o: In function `main':
CheckSymbolExists.c:(.text+0x1b): undefined reference to `pthread_create'
collect2: error: ld returned 1 exit status
CMakeFiles/cmTC_8690a.dir/build.make:97: recipe for target 'cmTC_8690a' failed
make[1]: *** [cmTC_8690a] Error 1
make[1]: Leaving directory '/root/robotdata_ws/build/CMakeFiles/CMakeTmp'
Makefile:126: recipe for target 'cmTC_8690a/fast' failed
make: *** [cmTC_8690a/fast] Error 2

File /root/robotdata_ws/build/CMakeFiles/CMakeTmp/CheckSymbolExists.c:
/* */
#include <pthread.h>

int main(int argc, char** argv)
{
  (void)argv;
#ifndef pthread_create
  return ((int*)(&pthread_create))[argc];
#else
  (void)argc;
  return 0;
#endif
}

Determining if the function pthread_create exists in the pthreads failed with the following output:
Change Dir: /root/robotdata_ws/build/CMakeFiles/CMakeTmp

Run Build Command:"/usr/bin/make" "cmTC_4c70c/fast"
/usr/bin/make -f CMakeFiles/cmTC_4c70c.dir/build.make CMakeFiles/cmTC_4c70c.dir/build
make[1]: Entering directory '/root/robotdata_ws/build/CMakeFiles/CMakeTmp'
Building C object CMakeFiles/cmTC_4c70c.dir/CheckFunctionExists.c.o
/usr/bin/cc   -DCHECK_FUNCTION_EXISTS=pthread_create   -o CMakeFiles/cmTC_4c70c.dir/CheckFunctionExists.c.o   -c /usr/share/cmake-3.10/Modules/CheckFunctionExists.c
Linking C executable cmTC_4c70c
/usr/bin/cmake -E cmake_link_script CMakeFiles/cmTC_4c70c.dir/link.txt --verbose=1
/usr/bin/cc  -DCHECK_FUNCTION_EXISTS=pthread_create    -rdynamic CMakeFiles/cmTC_4c70c.dir/CheckFunctionExists.c.o  -o cmTC_4c70c -lpthreads 
/usr/bin/ld: cannot find -lpthreads
collect2: error: ld returned 1 exit status
CMakeFiles/cmTC_4c70c.dir/build.make:97: recipe for target 'cmTC_4c70c' failed
make[1]: *** [cmTC_4c70c] Error 1
make[1]: Leaving directory '/root/robotdata_ws/build/CMakeFiles/CMakeTmp'
Makefile:126: recipe for target 'cmTC_4c70c/fast' failed
make: *** [cmTC_4c70c/fast] Error 2


